<?xml version="1.0" encoding="UTF-8"?>
<!-- Generated by org.testng.reporters.JUnitReportReporter -->
<testsuite skipped="0" hostname="LDCHOWNLAP-58325" name="sampleTest1.SampleTest1" tests="1" failures="0" timestamp="12 Oct 2021 16:35:36 GMT" time="31.119" errors="0">
  <testcase name="loginTest" time="31.119" classname="sampleTest1.SampleTest1"/>
</testsuite> <!-- sampleTest1.SampleTest1 -->
